C:\USERS\ANDREW\DOCUMENTS\PHYS499 RESEARCH\NEWCQ\DEBUG\MANAGEDMIDI.DLL
C:\USERS\ANDREW\DOCUMENTS\PHYS499 RESEARCH\NEWCQ\DEBUG\MANAGEDMIDI.ILK
C:\USERS\ANDREW\DOCUMENTS\PHYS499 RESEARCH\NEWCQ\DEBUG\MANAGEDMIDI.PDB
C:\Users\Andrew\Documents\Phys499 Research\newcq\Debug\mscorlib.dll
C:\Users\Andrew\Documents\Phys499 Research\newcq\Debug\System.Windows.Forms.dll
C:\USERS\ANDREW\DOCUMENTS\PHYS499 RESEARCH\NEWCQ\MANAGEDMIDI\DEBUG\ASSEMBLYINFO.OBJ
C:\USERS\ANDREW\DOCUMENTS\PHYS499 RESEARCH\NEWCQ\MANAGEDMIDI\DEBUG\MANAGEDMIDI.DLL.INTERMEDIATE.MANIFEST
C:\USERS\ANDREW\DOCUMENTS\PHYS499 RESEARCH\NEWCQ\MANAGEDMIDI\DEBUG\MANAGEDMIDI.OBJ
C:\USERS\ANDREW\DOCUMENTS\PHYS499 RESEARCH\NEWCQ\MANAGEDMIDI\DEBUG\MANAGEDMIDI.PCH
C:\USERS\ANDREW\DOCUMENTS\PHYS499 RESEARCH\NEWCQ\MANAGEDMIDI\DEBUG\STDAFX.OBJ
C:\USERS\ANDREW\DOCUMENTS\PHYS499 RESEARCH\NEWCQ\MANAGEDMIDI\DEBUG\VC100.PDB
C:\USERS\ANDREW\DOCUMENTS\PHYS499 RESEARCH\NEWCQ2011\DEBUG\MANAGEDMIDI.DLL
C:\USERS\ANDREW\DOCUMENTS\PHYS499 RESEARCH\NEWCQ2011\DEBUG\MANAGEDMIDI.ILK
C:\USERS\ANDREW\DOCUMENTS\PHYS499 RESEARCH\NEWCQ2011\DEBUG\MANAGEDMIDI.PDB
C:\Users\Andrew\Documents\Phys499 Research\newcq2011\Debug\mscorlib.dll
C:\Users\Andrew\Documents\Phys499 Research\newcq2011\Debug\System.Windows.Forms.dll
C:\USERS\ANDREW\DOCUMENTS\PHYS499 RESEARCH\NEWCQ2011\MANAGEDMIDI\DEBUG\.NETFRAMEWORK,VERSION=V4.0.ASSEMBLYATTRIBUTES.OBJ
C:\USERS\ANDREW\DOCUMENTS\PHYS499 RESEARCH\NEWCQ2011\MANAGEDMIDI\DEBUG\ASSEMBLYINFO.OBJ
C:\Users\Andrew\Documents\Phys499 Research\newcq2011\ManagedMIDI\Debug\cl.command.1.tlog
C:\Users\Andrew\Documents\Phys499 Research\newcq2011\ManagedMIDI\Debug\CL.read.1.tlog
C:\Users\Andrew\Documents\Phys499 Research\newcq2011\ManagedMIDI\Debug\CL.write.1.tlog
C:\Users\Andrew\Documents\Phys499 Research\newcq2011\ManagedMIDI\Debug\link.4316.read.1.tlog
C:\Users\Andrew\Documents\Phys499 Research\newcq2011\ManagedMIDI\Debug\link.4316.write.1.tlog
C:\Users\Andrew\Documents\Phys499 Research\newcq2011\ManagedMIDI\Debug\link.5344.read.1.tlog
C:\Users\Andrew\Documents\Phys499 Research\newcq2011\ManagedMIDI\Debug\link.5344.write.1.tlog
C:\Users\Andrew\Documents\Phys499 Research\newcq2011\ManagedMIDI\Debug\link.5828.read.1.tlog
C:\Users\Andrew\Documents\Phys499 Research\newcq2011\ManagedMIDI\Debug\link.5828.write.1.tlog
C:\Users\Andrew\Documents\Phys499 Research\newcq2011\ManagedMIDI\Debug\link.7428.read.1.tlog
C:\Users\Andrew\Documents\Phys499 Research\newcq2011\ManagedMIDI\Debug\link.7428.write.1.tlog
C:\Users\Andrew\Documents\Phys499 Research\newcq2011\ManagedMIDI\Debug\link.7560.read.1.tlog
C:\Users\Andrew\Documents\Phys499 Research\newcq2011\ManagedMIDI\Debug\link.7560.write.1.tlog
C:\Users\Andrew\Documents\Phys499 Research\newcq2011\ManagedMIDI\Debug\link.7600.read.1.tlog
C:\Users\Andrew\Documents\Phys499 Research\newcq2011\ManagedMIDI\Debug\link.7600.write.1.tlog
C:\Users\Andrew\Documents\Phys499 Research\newcq2011\ManagedMIDI\Debug\link.7640.read.1.tlog
C:\Users\Andrew\Documents\Phys499 Research\newcq2011\ManagedMIDI\Debug\link.7640.write.1.tlog
C:\Users\Andrew\Documents\Phys499 Research\newcq2011\ManagedMIDI\Debug\link.7712.read.1.tlog
C:\Users\Andrew\Documents\Phys499 Research\newcq2011\ManagedMIDI\Debug\link.7712.write.1.tlog
C:\Users\Andrew\Documents\Phys499 Research\newcq2011\ManagedMIDI\Debug\link.8004.read.1.tlog
C:\Users\Andrew\Documents\Phys499 Research\newcq2011\ManagedMIDI\Debug\link.8004.write.1.tlog
C:\Users\Andrew\Documents\Phys499 Research\newcq2011\ManagedMIDI\Debug\link.command.1.tlog
C:\Users\Andrew\Documents\Phys499 Research\newcq2011\ManagedMIDI\Debug\link.read.1.tlog
C:\Users\Andrew\Documents\Phys499 Research\newcq2011\ManagedMIDI\Debug\link.write.1.tlog
C:\USERS\ANDREW\DOCUMENTS\PHYS499 RESEARCH\NEWCQ2011\MANAGEDMIDI\DEBUG\MANAGEDMIDI.DLL.INTERMEDIATE.MANIFEST
C:\USERS\ANDREW\DOCUMENTS\PHYS499 RESEARCH\NEWCQ2011\MANAGEDMIDI\DEBUG\MANAGEDMIDI.OBJ
C:\USERS\ANDREW\DOCUMENTS\PHYS499 RESEARCH\NEWCQ2011\MANAGEDMIDI\DEBUG\MANAGEDMIDI.PCH
C:\Users\Andrew\Documents\Phys499 Research\newcq2011\ManagedMIDI\Debug\ManagedMIDI.write.1.tlog
C:\Users\Andrew\Documents\Phys499 Research\newcq2011\ManagedMIDI\Debug\mt.command.1.tlog
C:\Users\Andrew\Documents\Phys499 Research\newcq2011\ManagedMIDI\Debug\mt.read.1.tlog
C:\Users\Andrew\Documents\Phys499 Research\newcq2011\ManagedMIDI\Debug\mt.write.1.tlog
C:\USERS\ANDREW\DOCUMENTS\PHYS499 RESEARCH\NEWCQ2011\MANAGEDMIDI\DEBUG\STDAFX.OBJ
C:\USERS\ANDREW\DOCUMENTS\PHYS499 RESEARCH\NEWCQ2011\MANAGEDMIDI\DEBUG\VC100.PDB
